<?xml version="1.0" encoding="UTF-8"?>
<testsuite name="com.gestion.GestionGym.EntrenadorServicioTest" tests="5" skipped="0" failures="0" errors="0" timestamp="2024-07-28T21:49:50" hostname="DESKTOP-B1CH9TQ" time="3.28">
  <properties/>
  <testcase name="eliminarEntrenador()" classname="com.gestion.GestionGym.EntrenadorServicioTest" time="3.155"/>
  <testcase name="CrearEntrenadorIncompleto()" classname="com.gestion.GestionGym.EntrenadorServicioTest" time="0.037"/>
  <testcase name="obtenerEntrenadores()" classname="com.gestion.GestionGym.EntrenadorServicioTest" time="0.02"/>
  <testcase name="ActualizarEntrenador()" classname="com.gestion.GestionGym.EntrenadorServicioTest" time="0.015"/>
  <testcase name="obtenerEntrenadorPorIdNoExistente()" classname="com.gestion.GestionGym.EntrenadorServicioTest" time="0.017"/>
  <system-out><![CDATA[]]></system-out>
  <system-err><![CDATA[]]></system-err>
</testsuite>
